

Version:	3.14
CmdLine:	C:\Users\Kev\Documents\GitHub\PrinterFerreteria\ImpresionAceitera\Ejecutable Beta\IMPRESORA TICKET v2.exe --l4j-debug
WOW64:		yes
Create mutex:	IMPRESORA TICKET v2
Working dir:	C:\Users\Kev\Documents\GitHub\PrinterFerreteria\ImpresionAceitera\Ejecutable Beta\.
Java min ver:	1.008.000
Java max ver:	
64-bit search:	SOFTWARE\JavaSoft\Java Runtime Environment...
Check:		SOFTWARE\JavaSoft\Java Runtime Environment\1.8
Check launcher:	C:\Program Files\Java\jre1.8.0_241\bin\javaw.exe (OK)
Match:		1.008.000
Check:		SOFTWARE\JavaSoft\Java Runtime Environment\1.8.0_111
Check launcher:	C:\Program Files\Java\jre1.8.0_111\bin\javaw.exe (OK)
Match:		1.008.000_111
Check:		SOFTWARE\JavaSoft\Java Runtime Environment\1.8.0_241
Check launcher:	C:\Program Files\Java\jre1.8.0_241\bin\javaw.exe (OK)
Match:		1.008.000_241
64-bit search:	SOFTWARE\JavaSoft\Java Development Kit...
Check:		SOFTWARE\JavaSoft\Java Development Kit\1.7
Ignore:		1.007.000
Check:		SOFTWARE\JavaSoft\Java Development Kit\1.7.0_80
Ignore:		1.007.000_080
Check:		SOFTWARE\JavaSoft\Java Development Kit\1.8
Ignore:		1.008.000
Check:		SOFTWARE\JavaSoft\Java Development Kit\1.8.0_111
Ignore:		1.008.000_111
64-bit search:	SOFTWARE\JavaSoft\JRE...
64-bit search:	SOFTWARE\JavaSoft\JDK...
Check:		SOFTWARE\JavaSoft\JDK\13
Check launcher:	C:\Program Files\Java\jdk-13.0.2\bin\javaw.exe (OK)
Match:		1.013.000
Check:		SOFTWARE\JavaSoft\JDK\13.0.2
Check launcher:	C:\Program Files\Java\jdk-13.0.2\bin\javaw.exe (OK)
Match:		1.013.000_002
Runtime used:	1.013.000_002 (64-bit)
Launcher:	C:\Program Files\Java\jdk-13.0.2\bin\javaw.exe
Launcher args:	-jar "C:\Users\Kev\Documents\GitHub\PrinterFerreteria\ImpresionAceitera\Ejecutable Beta\IMPRESORA TICKET v2.exe"
Args length:	112/32768 chars
Exit code:	0


Version:	3.14
CmdLine:	C:\Users\Kev\Documents\GitHub\PrinterFerreteria\ImpresionAceitera\Ejecutable Beta\IMPRESORA TICKET v2.exe --l4j-debug
WOW64:		yes
Create mutex:	IMPRESORA TICKET v2
Working dir:	C:\Users\Kev\Documents\GitHub\PrinterFerreteria\ImpresionAceitera\Ejecutable Beta\.
Java min ver:	1.008.000
Java max ver:	
64-bit search:	SOFTWARE\JavaSoft\Java Runtime Environment...
Check:		SOFTWARE\JavaSoft\Java Runtime Environment\1.8
Check launcher:	C:\Program Files\Java\jre1.8.0_241\bin\javaw.exe (OK)
Match:		1.008.000
Check:		SOFTWARE\JavaSoft\Java Runtime Environment\1.8.0_111
Check launcher:	C:\Program Files\Java\jre1.8.0_111\bin\javaw.exe (OK)
Match:		1.008.000_111
Check:		SOFTWARE\JavaSoft\Java Runtime Environment\1.8.0_241
Check launcher:	C:\Program Files\Java\jre1.8.0_241\bin\javaw.exe (OK)
Match:		1.008.000_241
64-bit search:	SOFTWARE\JavaSoft\Java Development Kit...
Check:		SOFTWARE\JavaSoft\Java Development Kit\1.7
Ignore:		1.007.000
Check:		SOFTWARE\JavaSoft\Java Development Kit\1.7.0_80
Ignore:		1.007.000_080
Check:		SOFTWARE\JavaSoft\Java Development Kit\1.8
Ignore:		1.008.000
Check:		SOFTWARE\JavaSoft\Java Development Kit\1.8.0_111
Ignore:		1.008.000_111
64-bit search:	SOFTWARE\JavaSoft\JRE...
64-bit search:	SOFTWARE\JavaSoft\JDK...
Check:		SOFTWARE\JavaSoft\JDK\13
Check launcher:	C:\Program Files\Java\jdk-13.0.2\bin\javaw.exe (OK)
Match:		1.013.000
Check:		SOFTWARE\JavaSoft\JDK\13.0.2
Check launcher:	C:\Program Files\Java\jdk-13.0.2\bin\javaw.exe (OK)
Match:		1.013.000_002
Runtime used:	1.013.000_002 (64-bit)
Launcher:	C:\Program Files\Java\jdk-13.0.2\bin\javaw.exe
Launcher args:	-jar "C:\Users\Kev\Documents\GitHub\PrinterFerreteria\ImpresionAceitera\Ejecutable Beta\IMPRESORA TICKET v2.exe"
Args length:	112/32768 chars
Exit code:	0
